# JRE version: OpenJDK Runtime Environment (21.0.9) (build 21.0.9+-14649483-b1163.86)
# Java VM: OpenJDK 64-Bit Server VM (21.0.9+-14649483-b1163.86, mixed mode, tiered, compressed oops, compressed class ptrs, g1 gc, windows-amd64)
GC Precious Log:
 CardTable entry size: 512
 Card Set container configuration: InlinePtr #cards 5 size 8 Array Of Cards #cards 12 size 40 Howl #buckets 4 coarsen threshold 1843 Howl Bitmap #cards 512 size 80 coarsen threshold 460 Card regions per heap region 1 cards per card region 2048
 CPUs: 16 total, 16 available
 Memory: 24283M
 Large Page Support: Disabled
 NUMA Support: Disabled
 Compressed Oops: Enabled (32-bit)
 Heap Region Size: 1M
 Heap Min Capacity: 8M
 Heap Initial Capacity: 380M
 Heap Max Capacity: 2G
 Pre-touch: Disabled
 Parallel Workers: 13
 Concurrent Workers: 3
 Concurrent Refinement Workers: 13
 Periodic GC: Disabled
Heap:
 garbage-first heap   total 157696K, used 86351K [0x0000000080000000, 0x0000000100000000)
  region size 1024K, 5 young (5120K), 5 survivors (5120K)
 Metaspace       used 73777K, committed 75712K, reserved 1114112K
  class space    used 10458K, committed 11392K, reserved 1048576K
GC Heap History (20 events):
Event: 5.965 GC heap after
{Heap after GC invocations=16 (full 0):
 garbage-first heap   total 129024K, used 74082K [0x0000000080000000, 0x0000000100000000)
  region size 1024K, 4 young (4096K), 4 survivors (4096K)
 Metaspace       used 64371K, committed 66176K, reserved 1114112K
  class space    used 9142K, committed 10048K, reserved 1048576K
}
Event: 6.238 GC heap before
{Heap before GC invocations=16 (full 0):
 garbage-first heap   total 129024K, used 116066K [0x0000000080000000, 0x0000000100000000)
  region size 1024K, 45 young (46080K), 4 survivors (4096K)
 Metaspace       used 69675K, committed 71552K, reserved 1114112K
  class space    used 9959K, committed 10880K, reserved 1048576K
}
Event: 6.240 GC heap after
{Heap after GC invocations=17 (full 0):
 garbage-first heap   total 129024K, used 77165K [0x0000000080000000, 0x0000000100000000)
  region size 1024K, 5 young (5120K), 5 survivors (5120K)
 Metaspace       used 69675K, committed 71552K, reserved 1114112K
  class space    used 9959K, committed 10880K, reserved 1048576K
}
Event: 6.626 GC heap before
{Heap before GC invocations=18 (full 0):
 garbage-first heap   total 130048K, used 118125K [0x0000000080000000, 0x0000000100000000)
  region size 1024K, 45 young (46080K), 5 survivors (5120K)
 Metaspace       used 72928K, committed 74880K, reserved 1114112K
  class space    used 10438K, committed 11392K, reserved 1048576K
}
Event: 6.629 GC heap after
{Heap after GC invocations=19 (full 0):
 garbage-first heap   total 130048K, used 80735K [0x0000000080000000, 0x0000000100000000)
  region size 1024K, 6 young (6144K), 6 survivors (6144K)
 Metaspace       used 72928K, committed 74880K, reserved 1114112K
  class space    used 10438K, committed 11392K, reserved 1048576K
}
Event: 6.759 GC heap before
{Heap before GC invocations=19 (full 0):
 garbage-first heap   total 130048K, used 117599K [0x0000000080000000, 0x0000000100000000)
  region size 1024K, 43 young (44032K), 6 survivors (6144K)
 Metaspace       used 73383K, committed 75328K, reserved 1114112K
  class space    used 10456K, committed 11392K, reserved 1048576K
}
Event: 6.762 GC heap after
{Heap after GC invocations=20 (full 0):
 garbage-first heap   total 131072K, used 83768K [0x0000000080000000, 0x0000000100000000)
  region size 1024K, 5 young (5120K), 5 survivors (5120K)
 Metaspace       used 73383K, committed 75328K, reserved 1114112K
  class space    used 10456K, committed 11392K, reserved 1048576K
}
Event: 6.807 GC heap before
{Heap before GC invocations=20 (full 0):
 garbage-first heap   total 131072K, used 118584K [0x0000000080000000, 0x0000000100000000)
  region size 1024K, 40 young (40960K), 5 survivors (5120K)
 Metaspace       used 73520K, committed 75456K, reserved 1114112K
  class space    used 10456K, committed 11392K, reserved 1048576K
}
Event: 6.809 GC heap after
{Heap after GC invocations=21 (full 0):
 garbage-first heap   total 157696K, used 84571K [0x0000000080000000, 0x0000000100000000)
  region size 1024K, 3 young (3072K), 3 survivors (3072K)
 Metaspace       used 73520K, committed 75456K, reserved 1114112K
  class space    used 10456K, committed 11392K, reserved 1048576K
}
Event: 6.939 GC heap before
{Heap before GC invocations=22 (full 0):
 garbage-first heap   total 157696K, used 140891K [0x0000000080000000, 0x0000000100000000)
  region size 1024K, 59 young (60416K), 3 survivors (3072K)
 Metaspace       used 73701K, committed 75584K, reserved 1114112K
  class space    used 10456K, committed 11392K, reserved 1048576K
}
Event: 6.941 GC heap after
{Heap after GC invocations=23 (full 0):
 garbage-first heap   total 157696K, used 85420K [0x0000000080000000, 0x0000000100000000)
  region size 1024K, 4 young (4096K), 4 survivors (4096K)
 Metaspace       used 73701K, committed 75584K, reserved 1114112K
  class space    used 10456K, committed 11392K, reserved 1048576K
}
Event: 7.009 GC heap before
{Heap before GC invocations=23 (full 0):
 garbage-first heap   total 157696K, used 141740K [0x0000000080000000, 0x0000000100000000)
  region size 1024K, 60 young (61440K), 4 survivors (4096K)
 Metaspace       used 73749K, committed 75712K, reserved 1114112K
  class space    used 10457K, committed 11392K, reserved 1048576K
}
Event: 7.012 GC heap after
{Heap after GC invocations=24 (full 0):
 garbage-first heap   total 157696K, used 84863K [0x0000000080000000, 0x0000000100000000)
  region size 1024K, 5 young (5120K), 5 survivors (5120K)
 Metaspace       used 73749K, committed 75712K, reserved 1114112K
  class space    used 10457K, committed 11392K, reserved 1048576K
}
Event: 7.067 GC heap before
{Heap before GC invocations=24 (full 0):
 garbage-first heap   total 157696K, used 142207K [0x0000000080000000, 0x0000000100000000)
  region size 1024K, 62 young (63488K), 5 survivors (5120K)
 Metaspace       used 73768K, committed 75712K, reserved 1114112K
  class space    used 10457K, committed 11392K, reserved 1048576K
}
Event: 7.069 GC heap after
{Heap after GC invocations=25 (full 0):
 garbage-first heap   total 157696K, used 85341K [0x0000000080000000, 0x0000000100000000)
  region size 1024K, 5 young (5120K), 5 survivors (5120K)
 Metaspace       used 73768K, committed 75712K, reserved 1114112K
  class space    used 10457K, committed 11392K, reserved 1048576K
}
Event: 7.116 GC heap before
{Heap before GC invocations=26 (full 0):
 garbage-first heap   total 157696K, used 143709K [0x0000000080000000, 0x0000000100000000)
  region size 1024K, 63 young (64512K), 5 survivors (5120K)
 Metaspace       used 73774K, committed 75712K, reserved 1114112K
  class space    used 10457K, committed 11392K, reserved 1048576K
}
Event: 7.118 GC heap after
{Heap after GC invocations=27 (full 0):
 garbage-first heap   total 157696K, used 85970K [0x0000000080000000, 0x0000000100000000)
  region size 1024K, 5 young (5120K), 5 survivors (5120K)
 Metaspace       used 73774K, committed 75712K, reserved 1114112K
  class space    used 10457K, committed 11392K, reserved 1048576K
}
Event: 7.152 GC heap before
{Heap before GC invocations=27 (full 0):
 garbage-first heap   total 157696K, used 145362K [0x0000000080000000, 0x0000000100000000)
  region size 1024K, 63 young (64512K), 5 survivors (5120K)
 Metaspace       used 73776K, committed 75712K, reserved 1114112K
  class space    used 10457K, committed 11392K, reserved 1048576K
}
Event: 7.155 GC heap after
{Heap after GC invocations=28 (full 0):
 garbage-first heap   total 157696K, used 85714K [0x0000000080000000, 0x0000000100000000)
  region size 1024K, 5 young (5120K), 5 survivors (5120K)
 Metaspace       used 73776K, committed 75712K, reserved 1114112K
  class space    used 10457K, committed 11392K, reserved 1048576K
}
Event: 7.189 GC heap before
{Heap before GC invocations=28 (full 0):
 garbage-first heap   total 157696K, used 145106K [0x0000000080000000, 0x0000000100000000)
  region size 1024K, 64 young (65536K), 5 survivors (5120K)
 Metaspace       used 73777K, committed 75712K, reserved 1114112K
  class space    used 10458K, committed 11392K, reserved 1048576K
}

